register factory : rkmpp
register factory : video_enc
register factory : audio_enc
register factory : video_dec
register factory : file_read_flow
register factory : file_write_flow
register factory : filter
register factory : link_flow
register factory : source_stream
register factory : muxer_flow
register factory : audio_dec
register factory : output_stream
register factory : move_detec
register factory : occlusion_detec
register factory : file_write_stream
register factory : file_read_stream
register factory : alsa_playback_stream
register factory : alsa_capture_stream
register factory : v4l2_capture_stream
register factory : v4l2_output_stream
register factory : drm_output_stream
rga_api version 1.3.0_[11] (RGA is compiling with meson base: $PRODUCT_BASE)
register factory : rkrga
register factory : through_guard
register factory : ANR
register factory : AEC
20230707103427.203490 p4078 vca.exe: 启动……
20230707103427.204894 p4078 vca.exe: 设置工作语言(en_US.UTF-8)环境错误，使用系统语言环境。
20230707103429.942282 p4078 vca.exe: Accept: 192.169.4.16
20230707103429.953619 p4078 vca.exe: REQ: {
20230707103429.953619 p4078 vca.exe: --cmd
20230707103429.953619 p4078 vca.exe: 202
20230707103429.953619 p4078 vca.exe: --licence
20230707103429.953619 p4078 vca.exe: HFWYU4MP-NEW6GQLD-HFWYU4MK-PFWYU4MK-6PWQUJEB-MDWWU4MK-PFXUSS53-7F8WU4QK-PFWYU4MK-PFXZ24K6-2FXYUMGK
20230707103429.953619 p4078 vca.exe: }
20230707103429.955620 p4078 vca.exe: RSP: {"errno":0,"monotonic":140095321,"realtime":1688697269954,"version":"6.1.2"}
20230707103429.956776 p4078 vca.exe: "192.169.4.16" "POST /api HTTP/1.1" 200 77 "-" "Apifox/1.0.0 (https://www.apifox.cn)" 
20230707103432.196392 p4078 vca.exe: REQ: {
20230707103432.196392 p4078 vca.exe: --cmd
20230707103432.196392 p4078 vca.exe: 2
20230707103432.196392 p4078 vca.exe: --detector-conf
20230707103432.196392 p4078 vca.exe: @--detector-models@/userdata/static/models/HELMET/DETECT.conf@xxxx@yyyy@
20230707103432.196392 p4078 vca.exe: --detector-conf-inline
20230707103432.196392 p4078 vca.exe: 1
20230707103432.196392 p4078 vca.exe: --detector-fps
20230707103432.196392 p4078 vca.exe: 1
20230707103432.196392 p4078 vca.exe: --id
20230707103432.196392 p4078 vca.exe: aaa
20230707103432.196392 p4078 vca.exe: --input-video-name
20230707103432.196392 p4078 vca.exe: rtsp://admin:a1234567@192.169.7.126:554
20230707103432.196392 p4078 vca.exe: --input-video-retry-interval
20230707103432.196392 p4078 vca.exe: 5
20230707103432.196392 p4078 vca.exe: --output-type
20230707103432.196392 p4078 vca.exe: 5
20230707103432.196392 p4078 vca.exe: }
20230707103432.201446 p4078 vca.exe: Engine Conf Load(/userdata/edge/VideoProcess/bin/xxxx) 失败。
20230707103432.202098 p4078 vca.exe: Engine Conf Load(/userdata/edge/VideoProcess/bin/yyyy) 失败。
20230707103432.203810 p4078 vca.exe: Engine Conf Load(/userdata/edge/VideoProcess/bin/xxxyyyzzz) 失败。
20230707103432.205113 p4078 vca.exe: RSP: {"errno":0,"monotonic":140097571,"realtime":1688697272205,"version":"6.1.2"}
20230707103432.206047 p4078 vca.exe: "192.169.4.16" "POST /api HTTP/1.1" 200 77 "-" "Apifox/1.0.0 (https://www.apifox.cn)" 
20230707103432.207772 p4078 vca.exe: video.cpp: 167 [abckd_ffmpeg_open_capture] url : 
librknn_runtime version 1.7.0 (0bef7b3 build: 2021-08-18 19:53:17 base: 1131)
20230707103432.360943 p4078 vca.exe: Engine Conf Load(/userdata/static/models/HELMET/DETECT.conf) 成功。
20230707103433.530634 p4078 vca.exe: video.cpp: 171 [abcdk_ffmpeg_ctxptr] ctx->ffmpeg is valid
20230707103433.531068 p4078 vca.exe: video.cpp: 175 [abcdk_avformat_dump] avctx_p is valid
20230707103433.531384 p4078 vca.exe: Input #0, rtsp, from 'rtsp://admin:a1234567@192.169.7.126:554':
20230707103433.531799 p4078 vca.exe:   Metadata:
20230707103433.532130 p4078 vca.exe:     title           : 
20230707103433.532551 p4078 vca.exe: Media Server
20230707103433.532913 p4078 vca.exe:   Duration: 
20230707103433.533102 p4078 vca.exe: N/A
20230707103433.533291 p4078 vca.exe: , start: 
20230707103433.533488 p4078 vca.exe: 0.320000
20230707103433.533686 p4078 vca.exe: , bitrate: 
20230707103433.533874 p4078 vca.exe: N/A
20230707103433.534533 p4078 vca.exe:     Stream #0:0
20230707103433.534812 p4078 vca.exe: : Video: h264 (Main), yuvj420p(pc, bt709, progressive), 1920x1080
20230707103433.535244 p4078 vca.exe: , 
20230707103433.535706 p4078 vca.exe: 25 fps, 
20230707103433.535974 p4078 vca.exe: 100 tbr, 
20230707103433.536278 p4078 vca.exe: 90k tbn, 
20230707103433.536662 p4078 vca.exe: 50 tbc
20230707103433.536982 p4078 vca.exe: video.cpp: 177 going to [abcdk_avstream_find] 
20230707103433.537177 p4078 vca.exe: video.cpp: 181 [abcdk_avstream_find] avstream_p is valid
20230707103433.537525 p4078 vca.exe: video_cpp: 184 going to [abcdk_avstream_fps]
20230707103433.537909 p4078 vca.exe: video_cpp: 193 [vcodec_alloc] ctx->codec is valid
mpp[4078]: mpp_info: mpp version: 57ff4c6b author: Herman Chen   2021-09-13 [cmake]: Enable HAVE_DRM by default
mpp[4078]: mpp_rt: NOT found ion allocator
mpp[4078]: mpp_rt: found drm allocator
20230707103433.543641 p4078 vca.exe: lib/advance/video.cpp(205):video_open_capture
20230707103433.543866 p4078 vca.exe: OpenCapture('rtsp://admin:a1234567@192.169.7.126:554') ok.
20230707103433.632429 p4078 vca.exe: RGA vendor            : Rockchip Electronics Co.,Ltd.
20230707103433.632429 p4078 vca.exe: RGA_api version       : v1.3.0_[11]
20230707103433.632429 p4078 vca.exe: RGA_built version     : RGA is compiling with meson
20230707103433.632429 p4078 vca.exe: RGA version           : RGA_2_Enhance
20230707103433.632429 p4078 vca.exe: Max input             : 8192x8192
20230707103433.632429 p4078 vca.exe: Max output            : 4096x4096
20230707103433.632429 p4078 vca.exe: Scale limit           : 0.0625 ~ 16
20230707103433.632429 p4078 vca.exe: Input support format  : RGBA_8888 RGB_888 RGB_565 RGBA_4444 RGBA_5551 YUV420/YUV422 YUV420_10bit/YUV422_10bit YUYV422 YUV400/Y4 
20230707103433.632429 p4078 vca.exe: output support format : RGBA_8888 RGB_888 RGB_565 RGBA_4444 RGBA_5551 YUV420/YUV422 YUV420_10bit/YUV422_10bit YUYV420 YUYV422 YUV400/Y4 
20230707103433.632429 p4078 vca.exe: RGA feature           : color_fill color_palette quantize src1_r2y_csc dst_full_csc 
20230707103433.632429 p4078 vca.exe: expected performance  : 600M pix/s 
Had init the rga dev ctx = 0x1346f8
rga_api version 1.3.0_[11] (RGA is compiling with meson base: $PRODUCT_BASE)
20230707103433.791355 p4078 vca.exe: Create Infer('/userdata/static/models/HELMET/DETECT.conf','YOLOv5') 成功. 
20230707103454.886333 p4078 vca.exe: REQ: {
20230707103454.886333 p4078 vca.exe: --cmd
20230707103454.886333 p4078 vca.exe: 2
20230707103454.886333 p4078 vca.exe: --detector-conf
20230707103454.886333 p4078 vca.exe: @--detector-models@/userdata/static/models/HELMET/DETECT.conf@xxxx@yyyy@
20230707103454.886333 p4078 vca.exe: --detector-conf-inline
20230707103454.886333 p4078 vca.exe: 1
20230707103454.886333 p4078 vca.exe: --detector-fps
20230707103454.886333 p4078 vca.exe: 1
20230707103454.886333 p4078 vca.exe: --id
20230707103454.886333 p4078 vca.exe: bbb
20230707103454.886333 p4078 vca.exe: --input-video-name
20230707103454.886333 p4078 vca.exe: rtsp://admin:a1234567@192.169.7.125:554
20230707103454.886333 p4078 vca.exe: --input-video-retry-interval
20230707103454.886333 p4078 vca.exe: 5
20230707103454.886333 p4078 vca.exe: --output-type
20230707103454.886333 p4078 vca.exe: 5
20230707103454.886333 p4078 vca.exe: }
20230707103454.894615 p4078 vca.exe: RSP: {"errno":0,"monotonic":140120261,"realtime":1688697294894,"version":"6.1.2"}
20230707103454.896248 p4078 vca.exe: "192.169.4.16" "POST /api HTTP/1.1" 200 77 "-" "Apifox/1.0.0 (https://www.apifox.cn)" 
20230707103454.897908 p4078 vca.exe: video.cpp: 167 [abckd_ffmpeg_open_capture] url : 
20230707103455.898815 p4078 vca.exe: video.cpp: 171 [abcdk_ffmpeg_ctxptr] ctx->ffmpeg is valid
20230707103455.899094 p4078 vca.exe: video.cpp: 175 [abcdk_avformat_dump] avctx_p is valid
20230707103455.899409 p4078 vca.exe: Input #0, rtsp, from 'rtsp://admin:a1234567@192.169.7.125:554':
20230707103455.900013 p4078 vca.exe:   Metadata:
20230707103455.900205 p4078 vca.exe:     title           : 
20230707103455.900306 p4078 vca.exe: Media Presentation
20230707103455.900461 p4078 vca.exe:   Duration: 
20230707103455.900610 p4078 vca.exe: N/A
20230707103455.900769 p4078 vca.exe: , start: 
20230707103455.900889 p4078 vca.exe: 0.200667
20230707103455.901008 p4078 vca.exe: , bitrate: 
20230707103455.901125 p4078 vca.exe: N/A
20230707103455.901494 p4078 vca.exe:     Stream #0:0
20230707103455.901686 p4078 vca.exe: : Video: h264 (Main), yuvj420p(pc, bt709, progressive), 1920x1080
20230707103455.901983 p4078 vca.exe: , 
20230707103455.902160 p4078 vca.exe: 30 fps, 
20230707103455.902294 p4078 vca.exe: 30 tbr, 
20230707103455.902560 p4078 vca.exe: 90k tbn, 
20230707103455.903305 p4078 vca.exe: 60 tbc
20230707103455.903859 p4078 vca.exe: video.cpp: 177 going to [abcdk_avstream_find] 
20230707103455.904001 p4078 vca.exe: video.cpp: 181 [abcdk_avstream_find] avstream_p is valid
20230707103455.904113 p4078 vca.exe: video_cpp: 184 going to [abcdk_avstream_fps]
20230707103455.904578 p4078 vca.exe: video_cpp: 193 [vcodec_alloc] ctx->codec is valid
mpp[4078]: mpp_info: mpp version: 57ff4c6b author: Herman Chen   2021-09-13 [cmake]: Enable HAVE_DRM by default
20230707103455.909754 p4078 vca.exe: lib/advance/video.cpp(205):video_open_capture
20230707103455.910006 p4078 vca.exe: OpenCapture('rtsp://admin:a1234567@192.169.7.125:554') ok.
20230707103456.148767 p4078 vca.exe: Create Infer('/userdata/static/models/HELMET/DETECT.conf','YOLOv5') 成功. 
20230707103525.912638 p4078 vca.exe: Close: 192.169.4.16
20230707103604.682342 p4078 vca.exe: RTP H.264 NAL unit type 26
20230707103604.687001 p4078 vca.exe:  is not implemented. Update your FFmpeg version to the newest one from Git. If the problem still occurs, it means that your file has a feature which has not been implemented.
20230707103604.746385 p4078 vca.exe: SEI type 61 size 288 truncated at 80
^C
root@3f19585b5f05:/userdata/edge/VideoProcess/bin# ./vca.exe --getway-listen 0.0.0.0:10010 
media get entity by name: stream_cif_dvp_id0 is null
media get entity by name: stream_cif_dvp_id1 is null
media get entity by name: stream_cif_dvp_id2 is null
media get entity by name: stream_cif_dvp_id3 is null
media get entity by name: rkcif-lvds-subdev is null
media get entity by name: rkcif-lite-lvds-subdev is null
media get entity by name: stream_cif is null
media get entity by name: rkcif-dvp-sof is null
[10:38:13.138113][CAMHW]:XCAM ERROR CamHwIsp20.cpp:1022: No free isp&ispp needed by fake camera!
[10:38:13.138440][XCORE]:XCAM ERROR v4l2_device.cpp:196: open device() failed
[10:38:13.138521][CAMHW]:XCAM ERROR CamHwIsp20.cpp:71: failed to open dev ()
register factory : rkmpp
register factory : rkmpp
register factory : video_enc
register factory : audio_enc
register factory : video_dec
register factory : file_read_flow
register factory : file_write_flow
register factory : filter
register factory : link_flow
register factory : source_stream
register factory : muxer_flow
register factory : audio_dec
register factory : output_stream
register factory : move_detec
register factory : occlusion_detec
register factory : file_write_stream
register factory : file_read_stream
register factory : alsa_playback_stream
register factory : alsa_capture_stream
register factory : v4l2_capture_stream
register factory : v4l2_output_stream
register factory : drm_output_stream
rga_api version 1.3.0_[11] (RGA is compiling with meson base: $PRODUCT_BASE)
register factory : rkrga
register factory : through_guard
register factory : ANR
register factory : AEC
20230707103813.147411 p309 vca.exe: 启动……
20230707103813.148944 p309 vca.exe: 设置工作语言(en_US.UTF-8)环境错误，使用系统语言环境。
20230707103816.332160 p309 vca.exe: Accept: 192.169.4.16
20230707103816.344163 p309 vca.exe: REQ: {
20230707103816.344163 p309 vca.exe: --cmd
20230707103816.344163 p309 vca.exe: 202
20230707103816.344163 p309 vca.exe: --licence
20230707103816.344163 p309 vca.exe: HFWYU4MP-NEW6GQLD-HFWYU4MK-PFWYU4MK-6PWQUJEB-MDWWU4MK-PFXUSS53-7F8WU4QK-PFWYU4MK-PFXZ24K6-2FXYUMGK
20230707103816.344163 p309 vca.exe: }
20230707103816.346661 p309 vca.exe: RSP: {"errno":0,"monotonic":140321712,"realtime":1688697496345,"version":"6.1.2"}
20230707103816.347785 p309 vca.exe: "192.169.4.16" "POST /api HTTP/1.1" 200 77 "-" "Apifox/1.0.0 (https://www.apifox.cn)" 
20230707103833.374020 p309 vca.exe: REQ: {
20230707103833.374020 p309 vca.exe: --cmd
20230707103833.374020 p309 vca.exe: 2
20230707103833.374020 p309 vca.exe: --detector-conf
20230707103833.374020 p309 vca.exe: @--detector-models@/userdata/static/models/HELMET/DETECT1.conf@xxxx@yyyy@
20230707103833.374020 p309 vca.exe: --detector-conf-inline
20230707103833.374020 p309 vca.exe: 1
20230707103833.374020 p309 vca.exe: --detector-fps
20230707103833.374020 p309 vca.exe: 1
20230707103833.374020 p309 vca.exe: --id
20230707103833.374020 p309 vca.exe: bbb
20230707103833.374020 p309 vca.exe: --input-video-name
20230707103833.374020 p309 vca.exe: rtsp://admin:a1234567@192.169.7.125:554
20230707103833.374020 p309 vca.exe: --input-video-retry-interval
20230707103833.374020 p309 vca.exe: 5
20230707103833.374020 p309 vca.exe: --output-type
20230707103833.374020 p309 vca.exe: 5
20230707103833.374020 p309 vca.exe: }
20230707103833.376492 p309 vca.exe: Engine Conf Load(/userdata/static/models/HELMET/DETECT1.conf) 失败。
20230707103833.376983 p309 vca.exe: Engine Conf Load(/userdata/edge/VideoProcess/bin/xxxx) 失败。
20230707103833.377524 p309 vca.exe: Engine Conf Load(/userdata/edge/VideoProcess/bin/yyyy) 失败。
20230707103833.377970 p309 vca.exe: Engine Conf Load(/userdata/edge/VideoProcess/bin/xxxyyyzzz) 失败。
20230707103833.378933 p309 vca.exe: RSP: {"errno":0,"monotonic":140338745,"realtime":1688697513378,"version":"6.1.2"}
20230707103833.379644 p309 vca.exe: "192.169.4.16" "POST /api HTTP/1.1" 200 77 "-" "Apifox/1.0.0 (https://www.apifox.cn)" 
20230707103833.381079 p309 vca.exe: video.cpp: 167 [abckd_ffmpeg_open_capture] url : 
20230707103834.379948 p309 vca.exe: video.cpp: 171 [abcdk_ffmpeg_ctxptr] ctx->ffmpeg is valid
20230707103834.380417 p309 vca.exe: video.cpp: 175 [abcdk_avformat_dump] avctx_p is valid
20230707103834.380758 p309 vca.exe: Input #0, rtsp, from 'rtsp://admin:a1234567@192.169.7.125:554':
20230707103834.381014 p309 vca.exe:   Metadata:
20230707103834.381268 p309 vca.exe:     title           : 
20230707103834.381599 p309 vca.exe: Media Presentation
20230707103834.382018 p309 vca.exe:   Duration: 
20230707103834.382259 p309 vca.exe: N/A
20230707103834.382560 p309 vca.exe: , start: 
20230707103834.382833 p309 vca.exe: 0.199667
20230707103834.383063 p309 vca.exe: , bitrate: 
20230707103834.383308 p309 vca.exe: N/A
20230707103834.384060 p309 vca.exe:     Stream #0:0
20230707103834.384385 p309 vca.exe: : Video: h264 (Main), yuvj420p(pc, bt709, progressive), 1920x1080
20230707103834.384663 p309 vca.exe: , 
20230707103834.385048 p309 vca.exe: 30 fps, 
20230707103834.385342 p309 vca.exe: 30 tbr, 
20230707103834.385599 p309 vca.exe: 90k tbn, 
20230707103834.385922 p309 vca.exe: 60 tbc
20230707103834.386322 p309 vca.exe: video.cpp: 177 going to [abcdk_avstream_find] 
20230707103834.386585 p309 vca.exe: video.cpp: 181 [abcdk_avstream_find] avstream_p is valid
20230707103834.386867 p309 vca.exe: video_cpp: 184 going to [abcdk_avstream_fps]
20230707103834.387096 p309 vca.exe: video_cpp: 193 [vcodec_alloc] ctx->codec is valid
mpp[309]: mpp_info: mpp version: 57ff4c6b author: Herman Chen   2021-09-13 [cmake]: Enable HAVE_DRM by default
mpp[309]: mpp_rt: NOT found ion allocator
mpp[309]: mpp_rt: found drm allocator
20230707103834.392526 p309 vca.exe: lib/advance/video.cpp(205):video_open_capture
20230707103834.392819 p309 vca.exe: OpenCapture('rtsp://admin:a1234567@192.169.7.125:554') ok.
20230707103834.465267 p309 vca.exe: RGA vendor            : Rockchip Electronics Co.,Ltd.
20230707103834.465267 p309 vca.exe: RGA_api version       : v1.3.0_[11]
20230707103834.465267 p309 vca.exe: RGA_built version     : RGA is compiling with meson
20230707103834.465267 p309 vca.exe: RGA version           : RGA_2_Enhance
20230707103834.465267 p309 vca.exe: Max input             : 8192x8192
20230707103834.465267 p309 vca.exe: Max output            : 4096x4096
20230707103834.465267 p309 vca.exe: Scale limit           : 0.0625 ~ 16
20230707103834.465267 p309 vca.exe: Input support format  : RGBA_8888 RGB_888 RGB_565 RGBA_4444 RGBA_5551 YUV420/YUV422 YUV420_10bit/YUV422_10bit YUYV422 YUV400/Y4 
20230707103834.465267 p309 vca.exe: output support format : RGBA_8888 RGB_888 RGB_565 RGBA_4444 RGBA_5551 YUV420/YUV422 YUV420_10bit/YUV422_10bit YUYV420 YUYV422 YUV400/Y4 
20230707103834.465267 p309 vca.exe: RGA feature           : color_fill color_palette quantize src1_r2y_csc dst_full_csc 
20230707103834.465267 p309 vca.exe: expected performance  : 600M pix/s 
Had init the rga dev ctx = 0x1346f8
rga_api version 1.3.0_[11] (RGA is compiling with meson base: $PRODUCT_BASE)
20230707103841.701453 p309 vca.exe: REQ: {
20230707103841.701453 p309 vca.exe: --cmd
20230707103841.701453 p309 vca.exe: 2
20230707103841.701453 p309 vca.exe: --detector-conf
20230707103841.701453 p309 vca.exe: @--detector-models@/userdata/static/models/HELMET/DETECT1.conf@xxxx@yyyy@
20230707103841.701453 p309 vca.exe: --detector-conf-inline
20230707103841.701453 p309 vca.exe: 1
20230707103841.701453 p309 vca.exe: --detector-fps
20230707103841.701453 p309 vca.exe: 1
20230707103841.701453 p309 vca.exe: --id
20230707103841.701453 p309 vca.exe: aaa
20230707103841.701453 p309 vca.exe: --input-video-name
20230707103841.701453 p309 vca.exe: rtsp://admin:a1234567@192.169.7.126:554
20230707103841.701453 p309 vca.exe: --input-video-retry-interval
20230707103841.701453 p309 vca.exe: 5
20230707103841.701453 p309 vca.exe: --output-type
20230707103841.701453 p309 vca.exe: 5
20230707103841.701453 p309 vca.exe: }
20230707103841.708038 p309 vca.exe: RSP: {"errno":0,"monotonic":140347074,"realtime":1688697521707,"version":"6.1.2"}
20230707103841.708939 p309 vca.exe: "192.169.4.16" "POST /api HTTP/1.1" 200 77 "-" "Apifox/1.0.0 (https://www.apifox.cn)" 
20230707103841.710198 p309 vca.exe: video.cpp: 167 [abckd_ffmpeg_open_capture] url : 
20230707103842.989705 p309 vca.exe: video.cpp: 171 [abcdk_ffmpeg_ctxptr] ctx->ffmpeg is valid
20230707103842.990057 p309 vca.exe: video.cpp: 175 [abcdk_avformat_dump] avctx_p is valid
20230707103842.990235 p309 vca.exe: Input #0, rtsp, from 'rtsp://admin:a1234567@192.169.7.126:554':
20230707103842.990497 p309 vca.exe:   Metadata:
20230707103842.990819 p309 vca.exe:     title           : 
20230707103842.991193 p309 vca.exe: Media Server
20230707103842.991700 p309 vca.exe:   Duration: 
20230707103842.992044 p309 vca.exe: N/A
20230707103842.992305 p309 vca.exe: , start: 
20230707103842.992603 p309 vca.exe: 0.280000
20230707103842.992792 p309 vca.exe: , bitrate: 
20230707103842.992969 p309 vca.exe: N/A
20230707103842.993458 p309 vca.exe:     Stream #0:0
20230707103842.993705 p309 vca.exe: : Video: h264 (Main), yuvj420p(pc, bt709, progressive), 1920x1080
20230707103842.993920 p309 vca.exe: , 
20230707103842.994137 p309 vca.exe: 25 fps, 
20230707103842.994355 p309 vca.exe: 100 tbr, 
20230707103842.994556 p309 vca.exe: 90k tbn, 
20230707103842.994734 p309 vca.exe: 50 tbc
20230707103842.995031 p309 vca.exe: video.cpp: 177 going to [abcdk_avstream_find] 
20230707103842.995240 p309 vca.exe: video.cpp: 181 [abcdk_avstream_find] avstream_p is valid
20230707103842.995473 p309 vca.exe: video_cpp: 184 going to [abcdk_avstream_fps]
20230707103842.995707 p309 vca.exe: video_cpp: 193 [vcodec_alloc] ctx->codec is valid
mpp[309]: mpp_info: mpp version: 57ff4c6b author: Herman Chen   2021-09-13 [cmake]: Enable HAVE_DRM by default
20230707103843.011775 p309 vca.exe: lib/advance/video.cpp(205):video_open_capture
20230707103843.012284 p309 vca.exe: OpenCapture('rtsp://admin:a1234567@192.169.7.126:554') ok.
20230707103859.068458 p309 vca.exe: REQ: {
20230707103859.068458 p309 vca.exe: --cmd
20230707103859.068458 p309 vca.exe: 2
20230707103859.068458 p309 vca.exe: --detector-conf
20230707103859.068458 p309 vca.exe: @--detector-models@/userdata/static/models/HELMET/DETECT1.conf@xxxx@yyyy@
20230707103859.068458 p309 vca.exe: --detector-conf-inline
20230707103859.068458 p309 vca.exe: 1
20230707103859.068458 p309 vca.exe: --detector-fps
20230707103859.068458 p309 vca.exe: 1
20230707103859.068458 p309 vca.exe: --id
20230707103859.068458 p309 vca.exe: aaa
20230707103859.068458 p309 vca.exe: --input-video-name
20230707103859.068458 p309 vca.exe: rtsp://admin:a1234567@192.169.7.123:554
20230707103859.068458 p309 vca.exe: --input-video-retry-interval
20230707103859.068458 p309 vca.exe: 5
20230707103859.068458 p309 vca.exe: --output-type
20230707103859.068458 p309 vca.exe: 5
20230707103859.068458 p309 vca.exe: }
20230707103859.072458 p309 vca.exe: RSP: {"errno":17,"monotonic":140364439,"realtime":1688697539072,"version":"6.1.2"}
20230707103859.075165 p309 vca.exe: "192.169.4.16" "POST /api HTTP/1.1" 200 78 "-" "Apifox/1.0.0 (https://www.apifox.cn)" 
20230707103904.855338 p309 vca.exe: REQ: {
20230707103904.855338 p309 vca.exe: --cmd
20230707103904.855338 p309 vca.exe: 2
20230707103904.855338 p309 vca.exe: --detector-conf
20230707103904.855338 p309 vca.exe: @--detector-models@/userdata/static/models/HELMET/DETECT1.conf@xxxx@yyyy@
20230707103904.855338 p309 vca.exe: --detector-conf-inline
20230707103904.855338 p309 vca.exe: 1
20230707103904.855338 p309 vca.exe: --detector-fps
20230707103904.855338 p309 vca.exe: 1
20230707103904.855338 p309 vca.exe: --id
20230707103904.855338 p309 vca.exe: ccc
20230707103904.855338 p309 vca.exe: --input-video-name
20230707103904.855338 p309 vca.exe: rtsp://admin:a1234567@192.169.7.123:554
20230707103904.855338 p309 vca.exe: --input-video-retry-interval
20230707103904.855338 p309 vca.exe: 5
20230707103904.855338 p309 vca.exe: --output-type
20230707103904.855338 p309 vca.exe: 5
20230707103904.855338 p309 vca.exe: }
20230707103904.858010 p309 vca.exe: RSP: {"errno":0,"monotonic":140370224,"realtime":1688697544857,"version":"6.1.2"}
20230707103904.860281 p309 vca.exe: "192.169.4.16" "POST /api HTTP/1.1" 200 77 "-" "Apifox/1.0.0 (https://www.apifox.cn)" 
20230707103904.868516 p309 vca.exe: video.cpp: 167 [abckd_ffmpeg_open_capture] url : 
20230707103906.826335 p309 vca.exe: video.cpp: 171 [abcdk_ffmpeg_ctxptr] ctx->ffmpeg is valid
20230707103906.826606 p309 vca.exe: video.cpp: 175 [abcdk_avformat_dump] avctx_p is valid
20230707103906.826754 p309 vca.exe: Input #0, rtsp, from 'rtsp://admin:a1234567@192.169.7.123:554':
20230707103906.826880 p309 vca.exe:   Metadata:
20230707103906.826985 p309 vca.exe:     title           : 
20230707103906.827187 p309 vca.exe: Media Presentation
20230707103906.827550 p309 vca.exe:   Duration: 
20230707103906.827833 p309 vca.exe: N/A
20230707103906.828046 p309 vca.exe: , start: 
20230707103906.828401 p309 vca.exe: 0.240000
20230707103906.829167 p309 vca.exe: , bitrate: 
20230707103906.829426 p309 vca.exe: N/A
20230707103906.829842 p309 vca.exe:     Stream #0:0
20230707103906.830043 p309 vca.exe: : Video: h264 (Main), yuvj420p(pc, bt709, progressive), 1920x1080
20230707103906.830199 p309 vca.exe: , 
20230707103906.830347 p309 vca.exe: 25 fps, 
20230707103906.830487 p309 vca.exe: 25 tbr, 
20230707103906.830620 p309 vca.exe: 90k tbn, 
20230707103906.830747 p309 vca.exe: 50 tbc
20230707103906.830940 p309 vca.exe: video.cpp: 177 going to [abcdk_avstream_find] 
20230707103906.831072 p309 vca.exe: video.cpp: 181 [abcdk_avstream_find] avstream_p is valid
20230707103906.831210 p309 vca.exe: video_cpp: 184 going to [abcdk_avstream_fps]
20230707103906.831350 p309 vca.exe: video_cpp: 193 [vcodec_alloc] ctx->codec is valid
mpp[309]: mpp_info: mpp version: 57ff4c6b author: Herman Chen   2021-09-13 [cmake]: Enable HAVE_DRM by default
20230707103906.849471 p309 vca.exe: lib/advance/video.cpp(205):video_open_capture
20230707103906.850189 p309 vca.exe: OpenCapture('rtsp://admin:a1234567@192.169.7.123:554') ok.
20230707103930.255699 p309 vca.exe: RTP H.264 NAL unit type 25
20230707103930.256379 p309 vca.exe:  is not implemented. Update your FFmpeg version to the newest one from Git. If the problem still occurs, it means that your file has a feature which has not been implemented.
20230707103930.257157 p309 vca.exe: Undefined type (31)
20230707103934.873840 p309 vca.exe: Close: 192.169.4.16
20230707103938.050216 p309 vca.exe: RTP H.264 NAL unit type 27
20230707103938.050978 p309 vca.exe:  is not implemented. Update your FFmpeg version to the newest one from Git. If the problem still occurs, it means that your file has a feature which has not been implemented.
20230707103938.129610 p309 vca.exe: SEI type 172 size 1560 truncated at 1480
20230707103938.130637 p309 vca.exe: missing picture in access unit with size 4296
20230707103938.373969 p309 vca.exe: vca/vca_task.cpp(382):InputVideo, m_input_video.Close()
20230707103938.374472 p309 vca.exe: video.cpp: 167 [abckd_ffmpeg_open_capture] url : 
20230707103939.456850 p309 vca.exe: video.cpp: 171 [abcdk_ffmpeg_ctxptr] ctx->ffmpeg is valid
20230707103939.457170 p309 vca.exe: video.cpp: 175 [abcdk_avformat_dump] avctx_p is valid
20230707103939.457337 p309 vca.exe: Input #0, rtsp, from 'rtsp://admin:a1234567@192.169.7.125:554':
20230707103939.457455 p309 vca.exe:   Metadata:
20230707103939.457560 p309 vca.exe:     title           : 
20230707103939.457673 p309 vca.exe: Media Presentation
20230707103939.457917 p309 vca.exe:   Duration: 
20230707103939.458076 p309 vca.exe: N/A
20230707103939.458216 p309 vca.exe: , start: 
20230707103939.458366 p309 vca.exe: 0.199667
20230707103939.458509 p309 vca.exe: , bitrate: 
20230707103939.458650 p309 vca.exe: N/A
20230707103939.458987 p309 vca.exe:     Stream #0:0
20230707103939.459198 p309 vca.exe: : Video: h264 (Main), yuvj420p(pc, bt709, progressive), 1920x1080
20230707103939.459360 p309 vca.exe: , 
20230707103939.459498 p309 vca.exe: 30 fps, 
20230707103939.459622 p309 vca.exe: 30 tbr, 
20230707103939.459742 p309 vca.exe: 90k tbn, 
20230707103939.459851 p309 vca.exe: 60 tbc
20230707103939.460016 p309 vca.exe: video.cpp: 177 going to [abcdk_avstream_find] 
20230707103939.460210 p309 vca.exe: video.cpp: 181 [abcdk_avstream_find] avstream_p is valid
20230707103939.460335 p309 vca.exe: video_cpp: 184 going to [abcdk_avstream_fps]
20230707103939.460444 p309 vca.exe: video_cpp: 193 [vcodec_alloc] ctx->codec is valid
mpp[309]: mpp_info: mpp version: 57ff4c6b author: Herman Chen   2021-09-13 [cmake]: Enable HAVE_DRM by default
20230707103939.484669 p309 vca.exe: lib/advance/video.cpp(205):video_open_capture
20230707103939.485201 p309 vca.exe: OpenCapture('rtsp://admin:a1234567@192.169.7.125:554') ok.
20230707104001.891634 p309 vca.exe: RTP H.264 NAL unit type 29
20230707104001.893487 p309 vca.exe:  is not implemented. Update your FFmpeg version to the newest one from Git. If the problem still occurs, it means that your file has a feature which has not been implemented.
20230707104001.894538 p309 vca.exe: RTP H.264 NAL unit type 29
20230707104001.894672 p309 vca.exe:  is not implemented. Update your FFmpeg version to the newest one from Git. If the problem still occurs, it means that your file has a feature which has not been implemented.
20230707104015.732967 p309 vca.exe: RTP H.264 NAL unit type 26
20230707104015.733213 p309 vca.exe:  is not implemented. Update your FFmpeg version to the newest one from Git. If the problem still occurs, it means that your file has a feature which has not been implemented.
20230707104015.733391 p309 vca.exe: RTP H.264 NAL unit type 26
20230707104015.734254 p309 vca.exe:  is not implemented. Update your FFmpeg version to the newest one from Git. If the problem still occurs, it means that your file has a feature which has not been implemented.
20230707104031.448186 p309 vca.exe: RTP H.264 NAL unit type 29
20230707104031.448531 p309 vca.exe:  is not implemented. Update your FFmpeg version to the newest one from Git. If the problem still occurs, it means that your file has a feature which has not been implemented.
20230707104031.450183 p309 vca.exe: SEI type 89 size 1160 truncated at 496
20230707104037.270544 p309 vca.exe: nal size exceeds length: 11343 1425
20230707104037.281607 p309 vca.exe: non-existing PPS 19 referenced
20230707104037.434756 p309 vca.exe: non-existing PPS 1 referenced
20230707104042.230456 p309 vca.exe: RTP H.264 NAL unit type 27
20230707104042.230726 p309 vca.exe:  is not implemented. Update your FFmpeg version to the newest one from Git. If the problem still occurs, it means that your file has a feature which has not been implemented.
20230707104052.257399 p309 vca.exe: Undefined type (31)
20230707104103.216871 p309 vca.exe: Undefined type (31)
Segmentation fault
root@3f19585b5f05:/userdata/edge/VideoProcess/bin# 
